# JRE version: Java(TM) SE Runtime Environment (8.0_25-b18) (build 1.8.0_25-b18)
# Java VM: Java HotSpot(TM) 64-Bit Server VM (25.25-b02 mixed mode windows-amd64 compressed oops)
Heap:
 PSYoungGen      total 417280K, used 19275K [0x00000000d5f00000, 0x00000000f0680000, 0x0000000100000000)
  eden space 408064K, 4% used [0x00000000d5f00000,0x00000000d71d2fa8,0x00000000eed80000)
  from space 9216K, 0% used [0x00000000efd80000,0x00000000efd80000,0x00000000f0680000)
  to   space 12800K, 0% used [0x00000000eed80000,0x00000000eed80000,0x00000000efa00000)
 ParOldGen       total 113152K, used 29386K [0x0000000081c00000, 0x0000000088a80000, 0x00000000d5f00000)
  object space 113152K, 25% used [0x0000000081c00000,0x00000000838b2ba8,0x0000000088a80000)
 Metaspace       used 56465K, capacity 60318K, committed 60584K, reserved 1101824K
  class space    used 7709K, capacity 8273K, committed 8360K, reserved 1048576K
GC Heap History (10 events):
Event: 15.151 GC heap before
{Heap before GC invocations=13 (full 2):
 PSYoungGen      total 237568K, used 235531K [0x00000000d5f00000, 0x00000000e5400000, 0x0000000100000000)
  eden space 228352K, 100% used [0x00000000d5f00000,0x00000000e3e00000,0x00000000e3e00000)
  from space 9216K, 77% used [0x00000000e4b00000,0x00000000e5202fd8,0x00000000e5400000)
  to   space 11264K, 0% used [0x00000000e3e00000,0x00000000e3e00000,0x00000000e4900000)
 ParOldGen       total 77312K, used 14177K [0x0000000081c00000, 0x0000000086780000, 0x00000000d5f00000)
  object space 77312K, 18% used [0x0000000081c00000,0x00000000829d8678,0x0000000086780000)
 Metaspace       used 42273K, capacity 44990K, committed 45096K, reserved 1087488K
  class space    used 5675K, capacity 6113K, committed 6184K, reserved 1048576K
Event: 15.166 GC heap after
Heap after GC invocations=13 (full 2):
 PSYoungGen      total 239616K, used 3712K [0x00000000d5f00000, 0x00000000ea980000, 0x0000000100000000)
  eden space 228352K, 0% used [0x00000000d5f00000,0x00000000d5f00000,0x00000000e3e00000)
  from space 11264K, 32% used [0x00000000e3e00000,0x00000000e41a0000,0x00000000e4900000)
  to   space 11776K, 0% used [0x00000000e9e00000,0x00000000e9e00000,0x00000000ea980000)
 ParOldGen       total 77312K, used 18686K [0x0000000081c00000, 0x0000000086780000, 0x00000000d5f00000)
  object space 77312K, 24% used [0x0000000081c00000,0x0000000082e3faf8,0x0000000086780000)
 Metaspace       used 42273K, capacity 44990K, committed 45096K, reserved 1087488K
  class space    used 5675K, capacity 6113K, committed 6184K, reserved 1048576K
}
Event: 17.451 GC heap before
{Heap before GC invocations=14 (full 2):
 PSYoungGen      total 239616K, used 232064K [0x00000000d5f00000, 0x00000000ea980000, 0x0000000100000000)
  eden space 228352K, 100% used [0x00000000d5f00000,0x00000000e3e00000,0x00000000e3e00000)
  from space 11264K, 32% used [0x00000000e3e00000,0x00000000e41a0000,0x00000000e4900000)
  to   space 11776K, 0% used [0x00000000e9e00000,0x00000000e9e00000,0x00000000ea980000)
 ParOldGen       total 77312K, used 18686K [0x0000000081c00000, 0x0000000086780000, 0x00000000d5f00000)
  object space 77312K, 24% used [0x0000000081c00000,0x0000000082e3faf8,0x0000000086780000)
 Metaspace       used 47293K, capacity 50478K, committed 50728K, reserved 1093632K
  class space    used 6426K, capacity 6911K, committed 6952K, reserved 1048576K
Event: 17.476 GC heap after
Heap after GC invocations=14 (full 2):
 PSYoungGen      total 318976K, used 8579K [0x00000000d5f00000, 0x00000000ea680000, 0x0000000100000000)
  eden space 310272K, 0% used [0x00000000d5f00000,0x00000000d5f00000,0x00000000e8e00000)
  from space 8704K, 98% used [0x00000000e9e00000,0x00000000ea660f28,0x00000000ea680000)
  to   space 11776K, 0% used [0x00000000e8f80000,0x00000000e8f80000,0x00000000e9b00000)
 ParOldGen       total 77312K, used 21990K [0x0000000081c00000, 0x0000000086780000, 0x00000000d5f00000)
  object space 77312K, 28% used [0x0000000081c00000,0x0000000083179b28,0x0000000086780000)
 Metaspace       used 47293K, capacity 50478K, committed 50728K, reserved 1093632K
  class space    used 6426K, capacity 6911K, committed 6952K, reserved 1048576K
}
Event: 24.452 GC heap before
{Heap before GC invocations=15 (full 2):
 PSYoungGen      total 318976K, used 318851K [0x00000000d5f00000, 0x00000000ea680000, 0x0000000100000000)
  eden space 310272K, 100% used [0x00000000d5f00000,0x00000000e8e00000,0x00000000e8e00000)
  from space 8704K, 98% used [0x00000000e9e00000,0x00000000ea660f28,0x00000000ea680000)
  to   space 11776K, 0% used [0x00000000e8f80000,0x00000000e8f80000,0x00000000e9b00000)
 ParOldGen       total 77312K, used 21990K [0x0000000081c00000, 0x0000000086780000, 0x00000000d5f00000)
  object space 77312K, 28% used [0x0000000081c00000,0x0000000083179b28,0x0000000086780000)
 Metaspace       used 51995K, capacity 55852K, committed 55976K, reserved 1097728K
  class space    used 7204K, capacity 7788K, committed 7848K, reserved 1048576K
Event: 24.489 GC heap after
Heap after GC invocations=15 (full 2):
 PSYoungGen      total 323584K, used 10143K [0x00000000d5f00000, 0x00000000f0980000, 0x0000000100000000)
  eden space 311808K, 0% used [0x00000000d5f00000,0x00000000d5f00000,0x00000000e8f80000)
  from space 11776K, 86% used [0x00000000e8f80000,0x00000000e9967c40,0x00000000e9b00000)
  to   space 12288K, 0% used [0x00000000efd80000,0x00000000efd80000,0x00000000f0980000)
 ParOldGen       total 77312K, used 25478K [0x0000000081c00000, 0x0000000086780000, 0x00000000d5f00000)
  object space 77312K, 32% used [0x0000000081c00000,0x00000000834e1b28,0x0000000086780000)
 Metaspace       used 51995K, capacity 55852K, committed 55976K, reserved 1097728K
  class space    used 7204K, capacity 7788K, committed 7848K, reserved 1048576K
}
Event: 26.042 GC heap before
{Heap before GC invocations=16 (full 2):
 PSYoungGen      total 323584K, used 42236K [0x00000000d5f00000, 0x00000000f0980000, 0x0000000100000000)
  eden space 311808K, 10% used [0x00000000d5f00000,0x00000000d7e57530,0x00000000e8f80000)
  from space 11776K, 86% used [0x00000000e8f80000,0x00000000e9967c40,0x00000000e9b00000)
  to   space 12288K, 0% used [0x00000000efd80000,0x00000000efd80000,0x00000000f0980000)
 ParOldGen       total 77312K, used 25478K [0x0000000081c00000, 0x0000000086780000, 0x00000000d5f00000)
  object space 77312K, 32% used [0x0000000081c00000,0x00000000834e1b28,0x0000000086780000)
 Metaspace       used 55223K, capacity 59038K, committed 59160K, reserved 1099776K
  class space    used 7512K, capacity 8081K, committed 8104K, reserved 1048576K
Event: 26.054 GC heap after
Heap after GC invocations=16 (full 2):
 PSYoungGen      total 417280K, used 3957K [0x00000000d5f00000, 0x00000000f0680000, 0x0000000100000000)
  eden space 408064K, 0% used [0x00000000d5f00000,0x00000000d5f00000,0x00000000eed80000)
  from space 9216K, 42% used [0x00000000efd80000,0x00000000f015d6b0,0x00000000f0680000)
  to   space 12800K, 0% used [0x00000000eed80000,0x00000000eed80000,0x00000000efa00000)
 ParOldGen       total 77312K, used 31696K [0x0000000081c00000, 0x0000000086780000, 0x00000000d5f00000)
  object space 77312K, 40% used [0x0000000081c00000,0x0000000083af41e8,0x0000000086780000)
 Metaspace       used 55223K, capacity 59038K, committed 59160K, reserved 1099776K
  class space    used 7512K, capacity 8081K, committed 8104K, reserved 1048576K
}
Event: 26.054 GC heap before
{Heap before GC invocations=17 (full 3):
 PSYoungGen      total 417280K, used 3957K [0x00000000d5f00000, 0x00000000f0680000, 0x0000000100000000)
  eden space 408064K, 0% used [0x00000000d5f00000,0x00000000d5f00000,0x00000000eed80000)
  from space 9216K, 42% used [0x00000000efd80000,0x00000000f015d6b0,0x00000000f0680000)
  to   space 12800K, 0% used [0x00000000eed80000,0x00000000eed80000,0x00000000efa00000)
 ParOldGen       total 77312K, used 31696K [0x0000000081c00000, 0x0000000086780000, 0x00000000d5f00000)
  object space 77312K, 40% used [0x0000000081c00000,0x0000000083af41e8,0x0000000086780000)
 Metaspace       used 55223K, capacity 59038K, committed 59160K, reserved 1099776K
  class space    used 7512K, capacity 8081K, committed 8104K, reserved 1048576K
Event: 26.306 GC heap after
Heap after GC invocations=17 (full 3):
 PSYoungGen      total 417280K, used 0K [0x00000000d5f00000, 0x00000000f0680000, 0x0000000100000000)
  eden space 408064K, 0% used [0x00000000d5f00000,0x00000000d5f00000,0x00000000eed80000)
  from space 9216K, 0% used [0x00000000efd80000,0x00000000efd80000,0x00000000f0680000)
  to   space 12800K, 0% used [0x00000000eed80000,0x00000000eed80000,0x00000000efa00000)
 ParOldGen       total 113152K, used 29386K [0x0000000081c00000, 0x0000000088a80000, 0x00000000d5f00000)
  object space 113152K, 25% used [0x0000000081c00000,0x00000000838b2ba8,0x0000000088a80000)
 Metaspace       used 55223K, capacity 59038K, committed 59160K, reserved 1099776K
  class space    used 7512K, capacity 8081K, committed 8104K, reserved 1048576K
}

